[35m[1mConsolidate compiler generated dependencies of target ballPose[0m
[35m[1mConsolidate compiler generated dependencies of target velcroPadPose[0m
[ 25%] [32mBuilding CXX object CMakeFiles/camTest.dir/src/camTest.cpp.o[0m
[ 25%] [32mBuilding CXX object CMakeFiles/ballPose.dir/src/ballPose.cpp.o[0m
[ 25%] [32mBuilding CXX object CMakeFiles/velcroPadPose.dir/src/velcroPadPose.cpp.o[0m
[ 41%] Built target transforms
[ 58%] Built target RobotControl
[01m[K/home/mtrn/4231/project_workspace/MTRN4231_Winners/winners_pkg/src/camTest.cpp:16:10:[m[K [01;31m[Kfatal error: [m[Kfunctional>: No such file or directory
   16 | #include [01;31m[K<functional>S[m[K
      |          [01;31m[K^~~~~~~~~~~~~[m[K
compilation terminated.
gmake[2]: *** [CMakeFiles/camTest.dir/build.make:76: CMakeFiles/camTest.dir/src/camTest.cpp.o] Error 1
gmake[1]: *** [CMakeFiles/Makefile2:147: CMakeFiles/camTest.dir/all] Error 2
gmake[1]: *** Waiting for unfinished jobs....
[ 75%] Built target Brain
[01m[K/home/mtrn/4231/project_workspace/MTRN4231_Winners/winners_pkg/src/ballPose.cpp:[m[K In member function â€˜[01m[Kvoid BallPosePublisher::find_ball(const Image&)[m[Kâ€™:
[01m[K/home/mtrn/4231/project_workspace/MTRN4231_Winners/winners_pkg/src/ballPose.cpp:49:67:[m[K [01;35m[Kwarning: [m[Kunused parameter â€˜[01m[Kimg[m[Kâ€™ [[01;35m[K]8;;https://gcc.gnu.org/onlinedocs/gcc/Warning-Options.html#index-Wunused-parameter-Wunused-parameter]8;;[m[K]
   49 | void BallPosePublisher::find_ball([01;35m[Kconst sensor_msgs::msg::Image & img[m[K) {
      |                                   [01;35m[K~~~~~~~~~~~~~~~~~~~~~~~~~~~~~~~~^~~[m[K
[01m[K/home/mtrn/4231/project_workspace/MTRN4231_Winners/winners_pkg/src/velcroPadPose.cpp:[m[K In member function â€˜[01m[Kvoid VelcroPadPublisher::find_pad(const Image&)[m[Kâ€™:
[01m[K/home/mtrn/4231/project_workspace/MTRN4231_Winners/winners_pkg/src/velcroPadPose.cpp:49:67:[m[K [01;35m[Kwarning: [m[Kunused parameter â€˜[01m[Kimg[m[Kâ€™ [[01;35m[K]8;;https://gcc.gnu.org/onlinedocs/gcc/Warning-Options.html#index-Wunused-parameter-Wunused-parameter]8;;[m[K]
   49 | void VelcroPadPublisher::find_pad([01;35m[Kconst sensor_msgs::msg::Image & img[m[K) {
      |                                   [01;35m[K~~~~~~~~~~~~~~~~~~~~~~~~~~~~~~~~^~~[m[K
[ 91%] [32m[1mLinking CXX executable velcroPadPose[0m
[ 91%] [32m[1mLinking CXX executable ballPose[0m
[ 91%] Built target ballPose
[ 91%] Built target velcroPadPose
gmake: *** [Makefile:146: all] Error 2
