[0.028s] Invoking command in '/home/mtrn/4231/project_workspace/MTRN4231_Winners/winners_pkg/build/winners_pkg': CMAKE_PREFIX_PATH=${CMAKE_PREFIX_PATH}:/home/mtrn/4231/ws_moveit2/install/moveit_configs_utils:/home/mtrn/4231/ws_moveit2/install/launch_param_builder:/opt/ros/humble /usr/bin/cmake --build /home/mtrn/4231/project_workspace/MTRN4231_Winners/winners_pkg/build/winners_pkg -- -j4 -l4
[0.087s] [35m[1mConsolidate compiler generated dependencies of target camTest[0m
[0.103s] [ 25%] Built target ballPose
[0.104s] [ 41%] Built target velcroPadPose
[0.104s] [ 50%] Built target transforms
[0.107s] [ 58%] [32mBuilding CXX object CMakeFiles/camTest.dir/src/camTest.cpp.o[0m
[0.138s] [ 75%] Built target RobotControl
[0.141s] [ 91%] Built target Brain
[2.116s] [01m[K/home/mtrn/4231/project_workspace/MTRN4231_Winners/winners_pkg/src/camTest.cpp:[m[K In constructor â€˜[01m[KImagePublisher::ImagePublisher()[m[Kâ€™:
[2.116s] [01m[K/home/mtrn/4231/project_workspace/MTRN4231_Winners/winners_pkg/src/camTest.cpp:21:13:[m[K [01;31m[Kerror: [m[Kunable to find numeric literal operator â€˜[01m[Koperator""ms[m[Kâ€™
[2.116s]    21 |             [01;31m[K16ms[m[K, std::bind(&ImagePublisher::captureAndPublish, this));
[2.116s]       |             [01;31m[K^~~~[m[K
[2.119s] [01m[K/home/mtrn/4231/project_workspace/MTRN4231_Winners/winners_pkg/src/camTest.cpp:[m[K In member function â€˜[01m[Kvoid ImagePublisher::init_v4l2()[m[Kâ€™:
[2.119s] [01m[K/home/mtrn/4231/project_workspace/MTRN4231_Winners/winners_pkg/src/camTest.cpp:42:54:[m[K [01;31m[Kerror: [m[Kexpected primary-expression before â€˜[01m[K,[m[Kâ€™ token
[2.119s]    42 |                       /* length of the mapped area */[01;31m[K,[m[K
[2.119s]       |                                                      [01;31m[K^[m[K
[2.119s] [01m[K/home/mtrn/4231/project_workspace/MTRN4231_Winners/winners_pkg/src/camTest.cpp:[m[K In member function â€˜[01m[Kvoid ImagePublisher::captureAndPublish()[m[Kâ€™:
[2.119s] [01m[K/home/mtrn/4231/project_workspace/MTRN4231_Winners/winners_pkg/src/camTest.cpp:77:40:[m[K [01;31m[Kerror: [m[Kexpected primary-expression before â€˜[01m[K;[m[Kâ€™ token
[2.119s]    77 |         image_msg.height = /* height */[01;31m[K;[m[K
[2.119s]       |                                        [01;31m[K^[m[K
[2.120s] [01m[K/home/mtrn/4231/project_workspace/MTRN4231_Winners/winners_pkg/src/camTest.cpp:78:38:[m[K [01;31m[Kerror: [m[Kexpected primary-expression before â€˜[01m[K;[m[Kâ€™ token
[2.120s]    78 |         image_msg.width = /* width */[01;31m[K;[m[K
[2.120s]       |                                      [01;31m[K^[m[K
[2.120s] [01m[K/home/mtrn/4231/project_workspace/MTRN4231_Winners/winners_pkg/src/camTest.cpp:80:36:[m[K [01;31m[Kerror: [m[Kexpected primary-expression before â€˜[01m[K;[m[Kâ€™ token
[2.120s]    80 |         image_msg.step = /* step */[01;31m[K;[m[K
[2.120s]       |                                    [01;31m[K^[m[K
[2.748s] gmake[2]: *** [CMakeFiles/camTest.dir/build.make:76: CMakeFiles/camTest.dir/src/camTest.cpp.o] Error 1
[2.748s] gmake[1]: *** [CMakeFiles/Makefile2:147: CMakeFiles/camTest.dir/all] Error 2
[2.748s] gmake: *** [Makefile:146: all] Error 2
[2.750s] Invoked command in '/home/mtrn/4231/project_workspace/MTRN4231_Winners/winners_pkg/build/winners_pkg' returned '2': CMAKE_PREFIX_PATH=${CMAKE_PREFIX_PATH}:/home/mtrn/4231/ws_moveit2/install/moveit_configs_utils:/home/mtrn/4231/ws_moveit2/install/launch_param_builder:/opt/ros/humble /usr/bin/cmake --build /home/mtrn/4231/project_workspace/MTRN4231_Winners/winners_pkg/build/winners_pkg -- -j4 -l4
