[0.050s] Invoking command in '/home/mtrn/4231/project_workspace/MTRN4231_Winners/winners_pkg/build/winners_pkg': CMAKE_PREFIX_PATH=${CMAKE_PREFIX_PATH}:/home/mtrn/4231/ws_moveit2/install/moveit_configs_utils:/home/mtrn/4231/ws_moveit2/install/launch_param_builder:/opt/ros/humble /usr/bin/cmake --build /home/mtrn/4231/project_workspace/MTRN4231_Winners/winners_pkg/build/winners_pkg -- -j4 -l4
[0.097s] -- Found ament_cmake: 1.3.5 (/opt/ros/humble/share/ament_cmake/cmake)
[0.277s] -- Found rclcpp: 16.0.5 (/opt/ros/humble/share/rclcpp/cmake)
[0.310s] -- Found rosidl_generator_c: 3.1.5 (/opt/ros/humble/share/rosidl_generator_c/cmake)
[0.312s] -- Found rosidl_adapter: 3.1.5 (/opt/ros/humble/share/rosidl_adapter/cmake)
[0.319s] -- Found rosidl_generator_cpp: 3.1.5 (/opt/ros/humble/share/rosidl_generator_cpp/cmake)
[0.341s] -- Using all available rosidl_typesupport_c: rosidl_typesupport_fastrtps_c;rosidl_typesupport_introspection_c
[0.360s] -- Using all available rosidl_typesupport_cpp: rosidl_typesupport_fastrtps_cpp;rosidl_typesupport_introspection_cpp
[0.442s] -- Found rmw_implementation_cmake: 6.1.1 (/opt/ros/humble/share/rmw_implementation_cmake/cmake)
[0.446s] -- Found rmw_cyclonedds_cpp: 1.3.4 (/opt/ros/humble/share/rmw_cyclonedds_cpp/cmake)
[0.490s] -- Using RMW implementation 'rmw_cyclonedds_cpp' as default
[0.684s] -- Found sensor_msgs: 4.2.3 (/opt/ros/humble/share/sensor_msgs/cmake)
[0.830s] -- Found tf2: 0.25.3 (/opt/ros/humble/share/tf2/cmake)
[0.838s] -- Found tf2_ros: 0.25.3 (/opt/ros/humble/share/tf2_ros/cmake)
[1.251s] -- Found tf2_geometry_msgs: 0.25.3 (/opt/ros/humble/share/tf2_geometry_msgs/cmake)
[1.255s] -- Found eigen3_cmake_module: 0.1.1 (/opt/ros/humble/share/eigen3_cmake_module/cmake)
[1.257s] -- Ensuring Eigen3 include directory is part of orocos-kdl CMake target
[1.268s] -- Found control_msgs: 4.4.0 (/opt/ros/humble/share/control_msgs/cmake)
[1.586s] -- Found moveit_ros_planning_interface: 2.5.4 (/home/mtrn/4231/ws_moveit2/install/moveit_ros_planning_interface/share/moveit_ros_planning_interface/cmake)
[1.601s] -- Found Boost: /usr/lib/x86_64-linux-gnu/cmake/Boost-1.74.0/BoostConfig.cmake (found version "1.74.0") found components: date_time filesystem program_options system thread 
[2.234s] -- Found Boost: /usr/lib/x86_64-linux-gnu/cmake/Boost-1.74.0/BoostConfig.cmake (found version "1.74.0") found components: chrono date_time filesystem iostreams program_options regex serialization system thread 
[2.244s] -- Found parameter_traits: 0.3.6 (/opt/ros/humble/share/parameter_traits/cmake)
[2.263s] -- Found rclcpp_lifecycle: 16.0.5 (/opt/ros/humble/share/rclcpp_lifecycle/cmake)
[2.319s] -- Found Boost: /usr/lib/x86_64-linux-gnu/cmake/Boost-1.74.0/BoostConfig.cmake (found version "1.74.0") found components: filesystem 
[2.384s] -- library: /usr/lib/x86_64-linux-gnu/libcurl.so
[2.827s] -- Found Boost: /usr/lib/x86_64-linux-gnu/cmake/Boost-1.74.0/BoostConfig.cmake (found version "1.74.0") found components: system filesystem date_time program_options thread chrono 
[3.413s] -- Found Boost: /usr/lib/x86_64-linux-gnu/cmake/Boost-1.74.0/BoostConfig.cmake (found version "1.74.0") found components: thread system filesystem regex date_time program_options 
[3.726s] -- Found Boost: /usr/lib/x86_64-linux-gnu/cmake/Boost-1.74.0/BoostConfig.cmake (found version "1.74.0") found components: system filesystem date_time program_options thread 
[4.197s] -- Found moveit_visual_tools: 4.1.0 (/home/mtrn/4231/ws_moveit2/install/moveit_visual_tools/share/moveit_visual_tools/cmake)
[4.606s] -- Setting OGRE_DIR to: '/opt/ros/humble/share/rviz_ogre_vendor/cmake/../../../opt/rviz_ogre_vendor/lib/OGRE/cmake'
[4.607s] -- Found OGRE
[4.607s] --   static     : OFF
[4.607s] --   components : HLMS;MeshLodGenerator;Overlay;Paging;Property;RTShaderSystem;Terrain;Volume
[4.607s] --   plugins    : Plugin_BSPSceneManager;Plugin_OctreeSceneManager;Plugin_PCZSceneManager;Plugin_ParticleFX;RenderSystem_GL;RenderSystem_GL3Plus;Codec_STBI
[4.607s] --   media      : /opt/ros/humble/opt/rviz_ogre_vendor/share/OGRE/Media
[4.610s] -- OGRE_LIBRARIES: OgreHLMS;OgreMeshLodGenerator;OgreOverlay;OgrePaging;OgreProperty;OgreRTShaderSystem;OgreTerrain;OgreVolume;OgreMain
[4.610s] -- OGRE_LIBRARY_DIRS: /opt/ros/humble/opt/rviz_ogre_vendor/lib
[4.610s] -- OGRE_PLUGINS: Plugin_BSPSceneManager;Plugin_OctreeSceneManager;Plugin_PCZSceneManager;Plugin_ParticleFX;RenderSystem_GL;RenderSystem_GL3Plus;Codec_STBI
[4.610s] -- OGRE_PLUGIN_DIR: /opt/ros/humble/opt/rviz_ogre_vendor/lib/OGRE
[4.610s] -- rviz_ogre_vendor::OgreOverlay for IMPORTED_LOCATION_RELEASE: /opt/ros/humble/opt/rviz_ogre_vendor/lib/libOgreOverlay.so
[4.610s] -- rviz_ogre_vendor::OgreOverlay for IMPORTED_LOCATION_DEBUG: /opt/ros/humble/opt/rviz_ogre_vendor/lib/libOgreOverlay.so
[4.610s] -- rviz_ogre_vendor::OgreMain for IMPORTED_LOCATION_RELEASE: /opt/ros/humble/opt/rviz_ogre_vendor/lib/libOgreMain.so
[4.610s] -- rviz_ogre_vendor::OgreMain for IMPORTED_LOCATION_DEBUG: /opt/ros/humble/opt/rviz_ogre_vendor/lib/libOgreMain.so
[4.610s] -- Could not find freeimage library
[4.680s] -- rviz_ogre_vendor::RenderSystem_GL for IMPORTED_LOCATION_RELEASE: _render_system_gl_static_library_abs-NOTFOUND
[4.681s] -- rviz_ogre_vendor::RenderSystem_GL for IMPORTED_LOCATION_DEBUG: _render_system_gl_static_library_abs-NOTFOUND
[5.481s] -- Found controller_manager_msgs: 2.30.0 (/opt/ros/humble/share/controller_manager_msgs/cmake)
[5.624s] -- Found ament_lint_auto: 0.12.7 (/opt/ros/humble/share/ament_lint_auto/cmake)
[5.713s] -- Added test 'cppcheck' to perform static code analysis on C / C++ code
[5.714s] -- Configured cppcheck include dirs: /home/mtrn/4231/project_workspace/MTRN4231_Winners/winners_pkg/include
[5.714s] -- Configured cppcheck exclude dirs and/or files: 
[5.716s] -- Added test 'flake8' to check Python code syntax and style conventions
[5.719s] -- Added test 'lint_cmake' to check CMake code style
[5.721s] -- Added test 'pep257' to check Python code against some of the docstring style conventions in PEP 257
[5.735s] -- Added test 'uncrustify' to check C / C++ code style
[5.735s] -- Configured uncrustify additional arguments: 
[5.737s] -- Added test 'xmllint' to check XML markup files
[5.738s] -- Configuring done
[5.871s] -- Generating done
[5.875s] -- Build files have been written to: /home/mtrn/4231/project_workspace/MTRN4231_Winners/winners_pkg/build/winners_pkg
[5.916s] [35m[1mConsolidate compiler generated dependencies of target camTest[0m
[5.926s] [35m[1mConsolidate compiler generated dependencies of target velcroPadPose[0m
[5.933s] [35m[1mConsolidate compiler generated dependencies of target ballPose[0m
[5.933s] [35m[1mConsolidate compiler generated dependencies of target transforms[0m
[5.969s] [  8%] [32mBuilding CXX object CMakeFiles/camTest.dir/src/camTest.cpp.o[0m
[5.972s] [ 25%] Built target velcroPadPose
[5.981s] [ 41%] Built target transforms
[5.985s] [ 58%] Built target ballPose
[6.000s] [35m[1mConsolidate compiler generated dependencies of target RobotControl[0m
[6.002s] [35m[1mConsolidate compiler generated dependencies of target Brain[0m
[6.047s] [ 75%] Built target Brain
[6.065s] [ 91%] Built target RobotControl
[8.026s] [01m[K/home/mtrn/4231/project_workspace/MTRN4231_Winners/winners_pkg/src/camTest.cpp:[m[K In constructor â€˜[01m[KImagePublisher::ImagePublisher()[m[Kâ€™:
[8.026s] [01m[K/home/mtrn/4231/project_workspace/MTRN4231_Winners/winners_pkg/src/camTest.cpp:21:13:[m[K [01;31m[Kerror: [m[Kunable to find numeric literal operator â€˜[01m[Koperator""ms[m[Kâ€™
[8.027s]    21 |             [01;31m[K16ms[m[K, std::bind(&ImagePublisher::captureAndPublish, this));
[8.027s]       |             [01;31m[K^~~~[m[K
[8.029s] [01m[K/home/mtrn/4231/project_workspace/MTRN4231_Winners/winners_pkg/src/camTest.cpp:[m[K In member function â€˜[01m[Kvoid ImagePublisher::init_v4l2()[m[Kâ€™:
[8.029s] [01m[K/home/mtrn/4231/project_workspace/MTRN4231_Winners/winners_pkg/src/camTest.cpp:42:54:[m[K [01;31m[Kerror: [m[Kexpected primary-expression before â€˜[01m[K,[m[Kâ€™ token
[8.030s]    42 |                       /* length of the mapped area */[01;31m[K,[m[K
[8.030s]       |                                                      [01;31m[K^[m[K
[8.030s] [01m[K/home/mtrn/4231/project_workspace/MTRN4231_Winners/winners_pkg/src/camTest.cpp:[m[K In member function â€˜[01m[Kvoid ImagePublisher::captureAndPublish()[m[Kâ€™:
[8.030s] [01m[K/home/mtrn/4231/project_workspace/MTRN4231_Winners/winners_pkg/src/camTest.cpp:77:40:[m[K [01;31m[Kerror: [m[Kexpected primary-expression before â€˜[01m[K;[m[Kâ€™ token
[8.030s]    77 |         image_msg.height = /* height */[01;31m[K;[m[K
[8.030s]       |                                        [01;31m[K^[m[K
[8.030s] [01m[K/home/mtrn/4231/project_workspace/MTRN4231_Winners/winners_pkg/src/camTest.cpp:78:38:[m[K [01;31m[Kerror: [m[Kexpected primary-expression before â€˜[01m[K;[m[Kâ€™ token
[8.030s]    78 |         image_msg.width = /* width */[01;31m[K;[m[K
[8.030s]       |                                      [01;31m[K^[m[K
[8.030s] [01m[K/home/mtrn/4231/project_workspace/MTRN4231_Winners/winners_pkg/src/camTest.cpp:80:36:[m[K [01;31m[Kerror: [m[Kexpected primary-expression before â€˜[01m[K;[m[Kâ€™ token
[8.030s]    80 |         image_msg.step = /* step */[01;31m[K;[m[K
[8.030s]       |                                    [01;31m[K^[m[K
[8.647s] gmake[2]: *** [CMakeFiles/camTest.dir/build.make:76: CMakeFiles/camTest.dir/src/camTest.cpp.o] Error 1
[8.647s] gmake[1]: *** [CMakeFiles/Makefile2:147: CMakeFiles/camTest.dir/all] Error 2
[8.647s] gmake: *** [Makefile:146: all] Error 2
[8.649s] Invoked command in '/home/mtrn/4231/project_workspace/MTRN4231_Winners/winners_pkg/build/winners_pkg' returned '2': CMAKE_PREFIX_PATH=${CMAKE_PREFIX_PATH}:/home/mtrn/4231/ws_moveit2/install/moveit_configs_utils:/home/mtrn/4231/ws_moveit2/install/launch_param_builder:/opt/ros/humble /usr/bin/cmake --build /home/mtrn/4231/project_workspace/MTRN4231_Winners/winners_pkg/build/winners_pkg -- -j4 -l4
